This is pdfTeX, Version 3.141592653-2.6-1.40.27 (MiKTeX 25.4) (preloaded format=pdflatex 2025.9.18)  8 OCT 2025 16:56
entering extended mode
 restricted \write18 enabled.
 file:line:error style messages enabled.
 %&-line parsing enabled.
**c:/Users/bleik/Desktop/IABD/BDA/RA1b/template.tex
(c:/Users/bleik/Desktop/IABD/BDA/RA1b/template.tex
LaTeX2e <2025-06-01> patch level 1
L3 programming layer <2025-08-13>
(../../miPlantilla.cls

LaTeX Warning: You have requested document class `../../miPlantilla',
               but the document class provides `miPlantilla'.

Document Class: miPlantilla 2025/09/25 Clase personalizada basada en article
(C:\Users\bleik\AppData\Local\Programs\MiKTeX\tex/latex/base\article.cls
Document Class: article 2025/01/22 v1.4n Standard LaTeX document class
(C:\Users\bleik\AppData\Local\Programs\MiKTeX\tex/latex/base\size12.clo
File: size12.clo 2025/01/22 v1.4n Standard LaTeX file (size option)
)
\c@part=\count275
\c@section=\count276
\c@subsection=\count277
\c@subsubsection=\count278
\c@paragraph=\count279
\c@subparagraph=\count280
\c@figure=\count281
\c@table=\count282
\abovecaptionskip=\skip49
\belowcaptionskip=\skip50
\bibindent=\dimen148
) (C:\Users\bleik\AppData\Local\Programs\MiKTeX\tex/generic/babel\babel.sty
Package: babel 2025/08/03 v25.12 The multilingual framework for LuaLaTeX, pdfLaTeX and XeLaTeX
\babel@savecnt=\count283
LaTeX Encoding Info:    Redeclaring text command \ij (encoding OT1) on input line 2045.
LaTeX Encoding Info:    Redeclaring text command \IJ (encoding OT1) on input line 2047.
LaTeX Encoding Info:    Redeclaring text command \ij (encoding T1) on input line 2049.
LaTeX Encoding Info:    Redeclaring text command \IJ (encoding T1) on input line 2050.
LaTeX Encoding Info:    Ignoring declaration for text command \ij (encoding ?) on input line 2051.
LaTeX Encoding Info:    Ignoring declaration for text command \IJ (encoding ?) on input line 2053.
LaTeX Encoding Info:    Ignoring declaration for text command \SS (encoding ?) on input line 2078.
\U@D=\dimen149
\l@unhyphenated=\language79
 (C:\Users\bleik\AppData\Local\Programs\MiKTeX\tex/generic/babel\txtbabel.def)
\bbl@readstream=\read2
\bbl@dirlevel=\count284

*************************************
* Local config file bblopts.cfg used
*
(C:\Users\bleik\AppData\Local\Programs\MiKTeX\tex/latex/arabi\bblopts.cfg
File: bblopts.cfg 2005/09/08 v0.1 add Arabic and Farsi to "declared" options of babel
) (C:\Users\bleik\AppData\Local\Programs\MiKTeX\tex/latex/babel-spanish\spanish.ldf
Language: spanish.ldf 2021/05/27 v5.0q Spanish support from the babel system
 (C:\Users\bleik\AppData\Local\Programs\MiKTeX\tex/generic/babel/locale/es\babel-spanish.tex
Package babel Info: Importing font and identification data for spanish
(babel)             from babel-es.ini. Reported on input line 12.
)
\es@quottoks=\toks17
\es@quotdepth=\count285
Package babel Info: Making " an active character on input line 570.
Package babel Info: Making . an active character on input line 675.
Package babel Info: Making < an active character on input line 722.
Package babel Info: Making > an active character on input line 722.
))
LaTeX Encoding Info:    Redeclaring text command \guillemotleft (encoding OT1) on input line 11.
LaTeX Encoding Info:    Redeclaring text command \guillemotright (encoding OT1) on input line 11.
 (C:\Users\bleik\AppData\Local\Programs\MiKTeX\tex/latex/base\inputenc.sty
Package: inputenc 2024/02/08 v1.3d Input encoding file
\inpenc@prehook=\toks18
\inpenc@posthook=\toks19
) (C:\Users\bleik\AppData\Local\Programs\MiKTeX\tex/latex/base\fontenc.sty
Package: fontenc 2024/12/21 v2.1c Standard LaTeX package
) (C:\Users\bleik\AppData\Local\Programs\MiKTeX\tex/latex/fancyhdr\fancyhdr.sty
Package: fancyhdr 2025/02/07 v5.2 Extensive control of page headers and footers
\f@nch@headwidth=\skip51
\f@nch@offset@elh=\skip52
\f@nch@offset@erh=\skip53
\f@nch@offset@olh=\skip54
\f@nch@offset@orh=\skip55
\f@nch@offset@elf=\skip56
\f@nch@offset@erf=\skip57
\f@nch@offset@olf=\skip58
\f@nch@offset@orf=\skip59
\f@nch@height=\skip60
\f@nch@footalignment=\skip61
\f@nch@widthL=\skip62
\f@nch@widthC=\skip63
\f@nch@widthR=\skip64
\@temptokenb=\toks20
) (C:\Users\bleik\AppData\Local\Programs\MiKTeX\tex/latex/hyperref\hyperref.sty
Package: hyperref 2025-07-12 v7.01o Hypertext links for LaTeX
 (C:\Users\bleik\AppData\Local\Programs\MiKTeX\tex/generic/iftex\iftex.sty
Package: iftex 2024/12/12 v1.0g TeX engine tests
) (C:\Users\bleik\AppData\Local\Programs\MiKTeX\tex/latex/graphics\keyval.sty
Package: keyval 2022/05/29 v1.15 key=value parser (DPC)
\KV@toks@=\toks21
) (C:\Users\bleik\AppData\Local\Programs\MiKTeX\tex/latex/kvsetkeys\kvsetkeys.sty
Package: kvsetkeys 2022-10-05 v1.19 Key value parser (HO)
) (C:\Users\bleik\AppData\Local\Programs\MiKTeX\tex/generic/kvdefinekeys\kvdefinekeys.sty
Package: kvdefinekeys 2019-12-19 v1.6 Define keys (HO)
) (C:\Users\bleik\AppData\Local\Programs\MiKTeX\tex/generic/pdfescape\pdfescape.sty
Package: pdfescape 2019/12/09 v1.15 Implements pdfTeX's escape features (HO)
 (C:\Users\bleik\AppData\Local\Programs\MiKTeX\tex/generic/ltxcmds\ltxcmds.sty
Package: ltxcmds 2023-12-04 v1.26 LaTeX kernel commands for general use (HO)
) (C:\Users\bleik\AppData\Local\Programs\MiKTeX\tex/generic/pdftexcmds\pdftexcmds.sty
Package: pdftexcmds 2020-06-27 v0.33 Utility functions of pdfTeX for LuaTeX (HO)
 (C:\Users\bleik\AppData\Local\Programs\MiKTeX\tex/generic/infwarerr\infwarerr.sty
Package: infwarerr 2019/12/03 v1.5 Providing info/warning/error messages (HO)
)
Package pdftexcmds Info: \pdf@primitive is available.
Package pdftexcmds Info: \pdf@ifprimitive is available.
Package pdftexcmds Info: \pdfdraftmode found.
)) (C:\Users\bleik\AppData\Local\Programs\MiKTeX\tex/latex/hycolor\hycolor.sty
Package: hycolor 2020-01-27 v1.10 Color options for hyperref/bookmark (HO)
) (C:\Users\bleik\AppData\Local\Programs\MiKTeX\tex/latex/hyperref\nameref.sty
Package: nameref 2025-06-21 v2.57 Cross-referencing by name of section
 (C:\Users\bleik\AppData\Local\Programs\MiKTeX\tex/latex/refcount\refcount.sty
Package: refcount 2019/12/15 v3.6 Data extraction from label references (HO)
) (C:\Users\bleik\AppData\Local\Programs\MiKTeX\tex/generic/gettitlestring\gettitlestring.sty
Package: gettitlestring 2019/12/15 v1.6 Cleanup title references (HO)
 (C:\Users\bleik\AppData\Local\Programs\MiKTeX\tex/latex/kvoptions\kvoptions.sty
Package: kvoptions 2022-06-15 v3.15 Key value format for package options (HO)
))
\c@section@level=\count286
) (C:\Users\bleik\AppData\Local\Programs\MiKTeX\tex/latex/etoolbox\etoolbox.sty
Package: etoolbox 2025/02/11 v2.5l e-TeX tools for LaTeX (JAW)
\etb@tempcnta=\count287
) (C:\Users\bleik\AppData\Local\Programs\MiKTeX\tex/generic/stringenc\stringenc.sty
Package: stringenc 2019/11/29 v1.12 Convert strings between diff. encodings (HO)
)
\@linkdim=\dimen150
\Hy@linkcounter=\count288
\Hy@pagecounter=\count289
 (C:\Users\bleik\AppData\Local\Programs\MiKTeX\tex/latex/hyperref\pd1enc.def
File: pd1enc.def 2025-07-12 v7.01o Hyperref: PDFDocEncoding definition (HO)
Now handling font encoding PD1 ...
... no UTF-8 mapping file for font encoding PD1
) (C:\Users\bleik\AppData\Local\Programs\MiKTeX\tex/generic/intcalc\intcalc.sty
Package: intcalc 2019/12/15 v1.3 Expandable calculations with integers (HO)
)
\Hy@SavedSpaceFactor=\count290
 (C:\Users\bleik\AppData\Local\Programs\MiKTeX\tex/latex/hyperref\puenc.def
File: puenc.def 2025-07-12 v7.01o Hyperref: PDF Unicode definition (HO)
Now handling font encoding PU ...
... no UTF-8 mapping file for font encoding PU
)
Package hyperref Info: Hyper figures OFF on input line 4195.
Package hyperref Info: Link nesting OFF on input line 4200.
Package hyperref Info: Hyper index ON on input line 4203.
Package hyperref Info: Plain pages OFF on input line 4210.
Package hyperref Info: Backreferencing OFF on input line 4215.
Package hyperref Info: Implicit mode ON; LaTeX internals redefined.
Package hyperref Info: Bookmarks ON on input line 4462.
\c@Hy@tempcnt=\count291
 (C:\Users\bleik\AppData\Local\Programs\MiKTeX\tex/latex/url\url.sty
\Urlmuskip=\muskip17
Package: url 2013/09/16  ver 3.4  Verb mode for urls, etc.
)
LaTeX Info: Redefining \url on input line 4801.
\XeTeXLinkMargin=\dimen151
 (C:\Users\bleik\AppData\Local\Programs\MiKTeX\tex/generic/bitset\bitset.sty
Package: bitset 2019/12/09 v1.3 Handle bit-vector datatype (HO)
 (C:\Users\bleik\AppData\Local\Programs\MiKTeX\tex/generic/bigintcalc\bigintcalc.sty
Package: bigintcalc 2019/12/15 v1.5 Expandable calculations on big integers (HO)
))
\Fld@menulength=\count292
\Field@Width=\dimen152
\Fld@charsize=\dimen153
Package hyperref Info: Hyper figures OFF on input line 6078.
Package hyperref Info: Link nesting OFF on input line 6083.
Package hyperref Info: Hyper index ON on input line 6086.
Package hyperref Info: backreferencing OFF on input line 6093.
Package hyperref Info: Link coloring OFF on input line 6098.
Package hyperref Info: Link coloring with OCG OFF on input line 6103.
Package hyperref Info: PDF/A mode OFF on input line 6108.
\Hy@abspage=\count293
\c@Item=\count294
\c@Hfootnote=\count295
)
Package hyperref Info: Driver (autodetected): hpdftex.
 (C:\Users\bleik\AppData\Local\Programs\MiKTeX\tex/latex/hyperref\hpdftex.def
File: hpdftex.def 2025-07-12 v7.01o Hyperref driver for pdfTeX
\Fld@listcount=\count296
\c@bookmark@seq@number=\count297
 (C:\Users\bleik\AppData\Local\Programs\MiKTeX\tex/latex/rerunfilecheck\rerunfilecheck.sty
Package: rerunfilecheck 2025-06-21 v1.11 Rerun checks for auxiliary files (HO)
 (C:\Users\bleik\AppData\Local\Programs\MiKTeX\tex/generic/uniquecounter\uniquecounter.sty
Package: uniquecounter 2019/12/15 v1.4 Provide unlimited unique counter (HO)
)
Package uniquecounter Info: New unique counter `rerunfilecheck' on input line 284.
)
\Hy@SectionHShift=\skip65
) (C:\Users\bleik\AppData\Local\Programs\MiKTeX\tex/latex/graphics\graphicx.sty
Package: graphicx 2024/12/31 v1.2e Enhanced LaTeX Graphics (DPC,SPQR)
 (C:\Users\bleik\AppData\Local\Programs\MiKTeX\tex/latex/graphics\graphics.sty
Package: graphics 2024/08/06 v1.4g Standard LaTeX Graphics (DPC,SPQR)
 (C:\Users\bleik\AppData\Local\Programs\MiKTeX\tex/latex/graphics\trig.sty
Package: trig 2023/12/02 v1.11 sin cos tan (DPC)
) (C:\Users\bleik\AppData\Local\Programs\MiKTeX\tex/latex/graphics-cfg\graphics.cfg
File: graphics.cfg 2016/06/04 v1.11 sample graphics configuration
)
Package graphics Info: Driver file: pdftex.def on input line 106.
 (C:\Users\bleik\AppData\Local\Programs\MiKTeX\tex/latex/graphics-def\pdftex.def
File: pdftex.def 2024/04/13 v1.2c Graphics/color driver for pdftex
))
\Gin@req@height=\dimen154
\Gin@req@width=\dimen155
) (C:\Users\bleik\AppData\Local\Programs\MiKTeX\tex/latex/geometry\geometry.sty
Package: geometry 2020/01/02 v5.9 Page Geometry
 (C:\Users\bleik\AppData\Local\Programs\MiKTeX\tex/generic/iftex\ifvtex.sty
Package: ifvtex 2019/10/25 v1.7 ifvtex legacy package. Use iftex instead.
)
\Gm@cnth=\count298
\Gm@cntv=\count299
\c@Gm@tempcnt=\count300
\Gm@bindingoffset=\dimen156
\Gm@wd@mp=\dimen157
\Gm@odd@mp=\dimen158
\Gm@even@mp=\dimen159
\Gm@layoutwidth=\dimen160
\Gm@layoutheight=\dimen161
\Gm@layouthoffset=\dimen162
\Gm@layoutvoffset=\dimen163
\Gm@dimlist=\toks22
 (C:\Users\bleik\AppData\Local\Programs\MiKTeX\tex/latex/geometry\geometry.cfg)) (C:\Users\bleik\AppData\Local\Programs\MiKTeX\tex/latex/float\float.sty
Package: float 2001/11/08 v1.3d Float enhancements (AL)
\c@float@type=\count301
\float@exts=\toks23
\float@box=\box53
\@float@everytoks=\toks24
\@floatcapt=\box54
) (C:\Users\bleik\AppData\Local\Programs\MiKTeX\tex/latex/subfigure\subfigure.sty
Package: subfigure 2002/07/30 v2.1.4 subfigure package
\subfigtopskip=\skip66
\subfigcapskip=\skip67
\subfigcaptopadj=\dimen164
\subfigbottomskip=\skip68
\subfigcapmargin=\dimen165
\subfiglabelskip=\skip69
\c@subfigure=\count302
\c@lofdepth=\count303
\c@subtable=\count304
\c@lotdepth=\count305

****************************************
* Local config file subfigure.cfg used *
****************************************
(C:\Users\bleik\AppData\Local\Programs\MiKTeX\tex/latex/subfigure\subfigure.cfg)
\subfig@top=\skip70
\subfig@bottom=\skip71
) (C:\Users\bleik\AppData\Local\Programs\MiKTeX\tex/latex/tools\tabularx.sty
Package: tabularx 2023/12/11 v2.12a `tabularx' package (DPC)
 (C:\Users\bleik\AppData\Local\Programs\MiKTeX\tex/latex/tools\array.sty
Package: array 2025/06/08 v2.6j Tabular extension package (FMi)
\col@sep=\dimen166
\ar@mcellbox=\box55
\extrarowheight=\dimen167
\NC@list=\toks25
\extratabsurround=\skip72
\backup@length=\skip73
\ar@cellbox=\box56
)
\TX@col@width=\dimen168
\TX@old@table=\dimen169
\TX@old@col=\dimen170
\TX@target=\dimen171
\TX@delta=\dimen172
\TX@cols=\count306
\TX@ftn=\toks26
) (C:\Users\bleik\AppData\Local\Programs\MiKTeX\tex/latex/tools\longtable.sty
Package: longtable 2024-12-18 v4.23 Multi-page Table package (DPC)
\LTleft=\skip74
\LTright=\skip75
\LTpre=\skip76
\LTpost=\skip77
\LTchunksize=\count307
\LTcapwidth=\dimen173
\LT@head=\box57
\LT@firsthead=\box58
\LT@foot=\box59
\LT@lastfoot=\box60
\LT@gbox=\box61
\LT@cols=\count308
\LT@rows=\count309
\c@LT@tables=\count310
\c@LT@chunks=\count311
\LT@p@ftn=\toks27
) (C:\Users\bleik\AppData\Local\Programs\MiKTeX\tex/latex/pdflscape\pdflscape.sty
Package: pdflscape 2022-10-27 v0.13 Display of landscape pages in PDF
 (C:\Users\bleik\AppData\Local\Programs\MiKTeX\tex/latex/pdflscape\pdflscape-nometadata.sty
Package: pdflscape-nometadata 2022-10-28 v0.13 Display of landscape pages in PDF (HO)
 (C:\Users\bleik\AppData\Local\Programs\MiKTeX\tex/latex/graphics\lscape.sty
Package: lscape 2020/05/28 v3.02 Landscape Pages (DPC)
)
Package pdflscape Info: Auto-detected driver: pdftex on input line 81.
)) (C:\Users\bleik\AppData\Local\Programs\MiKTeX\tex/latex/booktabs\booktabs.sty
Package: booktabs 2020/01/12 v1.61803398 Publication quality tables
\heavyrulewidth=\dimen174
\lightrulewidth=\dimen175
\cmidrulewidth=\dimen176
\belowrulesep=\dimen177
\belowbottomsep=\dimen178
\aboverulesep=\dimen179
\abovetopsep=\dimen180
\cmidrulesep=\dimen181
\cmidrulekern=\dimen182
\defaultaddspace=\dimen183
\@cmidla=\count312
\@cmidlb=\count313
\@aboverulesep=\dimen184
\@belowrulesep=\dimen185
\@thisruleclass=\count314
\@lastruleclass=\count315
\@thisrulewidth=\dimen186
) (C:\Users\bleik\AppData\Local\Programs\MiKTeX\tex/latex/xcolor\xcolor.sty
Package: xcolor 2024/09/29 v3.02 LaTeX color extensions (UK)
 (C:\Users\bleik\AppData\Local\Programs\MiKTeX\tex/latex/graphics-cfg\color.cfg
File: color.cfg 2016/01/02 v1.6 sample color configuration
)
Package xcolor Info: Driver file: pdftex.def on input line 274.
 (C:\Users\bleik\AppData\Local\Programs\MiKTeX\tex/latex/graphics\mathcolor.ltx)
Package xcolor Info: Model `cmy' substituted by `cmy0' on input line 1349.
Package xcolor Info: Model `hsb' substituted by `rgb' on input line 1353.
Package xcolor Info: Model `RGB' extended on input line 1365.
Package xcolor Info: Model `HTML' substituted by `rgb' on input line 1367.
Package xcolor Info: Model `Hsb' substituted by `hsb' on input line 1368.
Package xcolor Info: Model `tHsb' substituted by `hsb' on input line 1369.
Package xcolor Info: Model `HSB' substituted by `hsb' on input line 1370.
Package xcolor Info: Model `Gray' substituted by `gray' on input line 1371.
Package xcolor Info: Model `wave' substituted by `hsb' on input line 1372.
) (C:\Users\bleik\AppData\Local\Programs\MiKTeX\tex/latex/colortbl\colortbl.sty
Package: colortbl 2024/10/29 v1.0k Color table columns (DPC)
\everycr=\toks28
\minrowclearance=\skip78
\rownum=\count316
) (C:\Users\bleik\AppData\Local\Programs\MiKTeX\tex/latex/makecell\makecell.sty
Package: makecell 2009/08/03 V0.1e Managing of Tab Column Heads and Cells
\rotheadsize=\dimen187
\c@nlinenum=\count317
\TeXr@lab=\toks29
)
Package hyperref Info: Option `colorlinks' set `true' on input line 34.
 (C:\Users\bleik\AppData\Local\Programs\MiKTeX\tex/latex/sectsty\sectsty.sty
Package: sectsty 2002/02/25 v2.0.2 Commands to change all sectional heading styles


LaTeX Warning: Command \underbar  has changed.
               Check if current package is valid.


LaTeX Warning: Command \underline  has changed.
               Check if current package is valid.

)) (C:\Users\bleik\AppData\Local\Programs\MiKTeX\tex/latex/l3backend\l3backend-pdftex.def
File: l3backend-pdftex.def 2025-06-09 L3 backend support: PDF output (pdfTeX)
\l__color_backend_stack_int=\count318
) (template.aux
LaTeX Info: Redefining \. on input line 11.
LaTeX Info: Redefining \% on input line 11.
Package babel Info: 'spanish' activates 'spanish' shorthands.
(babel)             Reported on input line 11.
)
\openout1 = `template.aux'.

LaTeX Font Info:    Checking defaults for OML/cmm/m/it on input line 7.
LaTeX Font Info:    ... okay on input line 7.
LaTeX Font Info:    Checking defaults for OMS/cmsy/m/n on input line 7.
LaTeX Font Info:    ... okay on input line 7.
LaTeX Font Info:    Checking defaults for OT1/cmr/m/n on input line 7.
LaTeX Font Info:    ... okay on input line 7.
LaTeX Font Info:    Checking defaults for T1/cmr/m/n on input line 7.
LaTeX Font Info:    ... okay on input line 7.
LaTeX Font Info:    Checking defaults for TS1/cmr/m/n on input line 7.
LaTeX Font Info:    ... okay on input line 7.
LaTeX Font Info:    Checking defaults for OMX/cmex/m/n on input line 7.
LaTeX Font Info:    ... okay on input line 7.
LaTeX Font Info:    Checking defaults for U/cmr/m/n on input line 7.
LaTeX Font Info:    ... okay on input line 7.
LaTeX Font Info:    Checking defaults for PD1/pdf/m/n on input line 7.
LaTeX Font Info:    ... okay on input line 7.
LaTeX Font Info:    Checking defaults for PU/pdf/m/n on input line 7.
LaTeX Font Info:    ... okay on input line 7.
LaTeX Info: Redefining \. on input line 7.
LaTeX Info: Redefining \% on input line 7.
Package hyperref Info: Link coloring ON on input line 7.
 (template.out) (template.out)
\@outlinefile=\write3
\openout3 = `template.out'.

 (C:\Users\bleik\AppData\Local\Programs\MiKTeX\tex/context/base/mkii\supp-pdf.mkii
[Loading MPS to PDF converter (version 2006.09.02).]
\scratchcounter=\count319
\scratchdimen=\dimen188
\scratchbox=\box62
\nofMPsegments=\count320
\nofMParguments=\count321
\everyMPshowfont=\toks30
\MPscratchCnt=\count322
\MPscratchDim=\dimen189
\MPnumerator=\count323
\makeMPintoPDFobject=\count324
\everyMPtoPDFconversion=\toks31
) (C:\Users\bleik\AppData\Local\Programs\MiKTeX\tex/latex/epstopdf-pkg\epstopdf-base.sty
Package: epstopdf-base 2020-01-24 v2.11 Base part for package epstopdf
Package epstopdf-base Info: Redefining graphics rule for `.eps' on input line 485.
 (C:\Users\bleik\AppData\Local\Programs\MiKTeX\tex/latex/00miktex\epstopdf-sys.cfg
File: epstopdf-sys.cfg 2021/03/18 v2.0 Configuration of epstopdf for MiKTeX
))
*geometry* driver: auto-detecting
*geometry* detected driver: pdftex
*geometry* verbose mode - [ preamble ] result:
* driver: pdftex
* paper: a4paper
* layout: <same size as paper>
* layoutoffset:(h,v)=(0.0pt,0.0pt)
* modes: 
* h-part:(L,W,R)=(89.62709pt, 418.25368pt, 89.6271pt)
* v-part:(T,H,B)=(56.9055pt, 731.23584pt, 56.9055pt)
* \paperwidth=597.50787pt
* \paperheight=845.04684pt
* \textwidth=418.25368pt
* \textheight=731.23584pt
* \oddsidemargin=17.3571pt
* \evensidemargin=17.3571pt
* \topmargin=-52.36449pt
* \headheight=15.0pt
* \headsep=25.0pt
* \topskip=12.0pt
* \footskip=30.0pt
* \marginparwidth=35.0pt
* \marginparsep=10.0pt
* \columnsep=10.0pt
* \skip\footins=10.8pt plus 4.0pt minus 2.0pt
* \hoffset=0.0pt
* \voffset=0.0pt
* \mag=1000
* \@twocolumnfalse
* \@twosidefalse
* \@mparswitchfalse
* \@reversemarginfalse
* (1in=72.27pt=25.4mm, 1cm=28.453pt)

<image.png, id=31, 1505.625pt x 635.37375pt>
File: image.png Graphic file (type png)
<use image.png>
Package pdftex.def Info: image.png  used on input line 9.
(pdftex.def)             Requested size: 418.25368pt x 176.49765pt.


[1

{C:/Users/bleik/AppData/Local/MiKTeX/fonts/map/pdftex/pdftex.map} <./image.png>] (template.toc
LaTeX Info: Redefining \. on input line 1.
LaTeX Info: Redefining \% on input line 1.
)
\tf@toc=\write4
\openout4 = `template.toc'.




pdfTeX warning (ext4): destination with the same identifier (name{page.1}) has been already used, duplicate ignored
<to be read again> 
                   \relax 
l.9 \maketitle
               [1]
<P1/4.png, id=57, 613.54219pt x 359.84438pt>
File: P1/4.png Graphic file (type png)
<use P1/4.png>
Package pdftex.def Info: P1/4.png  used on input line 21.
(pdftex.def)             Requested size: 292.77629pt x 171.71303pt.
<P1/6.png, id=58, 961.34157pt x 602.25pt>
File: P1/6.png Graphic file (type png)
<use P1/6.png>
Package pdftex.def Info: P1/6.png  used on input line 25.
(pdftex.def)             Requested size: 292.77629pt x 183.41489pt.
<P1/7.png, id=59, 602.25pt x 91.84312pt>
File: P1/7.png Graphic file (type png)
<use P1/7.png>
Package pdftex.def Info: P1/7.png  used on input line 29.
(pdftex.def)             Requested size: 292.77629pt x 44.65036pt.


[2 <./P1/4.png> <./P1/6.png> <./P1/7.png>]
<P2/1.png, id=68, 605.26125pt x 477.28313pt>
File: P2/1.png Graphic file (type png)
<use P2/1.png>
Package pdftex.def Info: P2/1.png  used on input line 41.
(pdftex.def)             Requested size: 292.77629pt x 230.87029pt.
<P2/2.png, id=69, 587.94656pt x 365.11406pt>
File: P2/2.png Graphic file (type png)
<use P2/2.png>
Package pdftex.def Info: P2/2.png  used on input line 45.
(pdftex.def)             Requested size: 292.77629pt x 181.8156pt.
LaTeX Font Info:    External font `cmex10' loaded for size
(Font)              <12> on input line 47.
LaTeX Font Info:    External font `cmex10' loaded for size
(Font)              <8> on input line 47.
LaTeX Font Info:    External font `cmex10' loaded for size
(Font)              <6> on input line 47.
<P2/3.png, id=70, 471.26062pt x 48.93282pt>
File: P2/3.png Graphic file (type png)
<use P2/3.png>
Package pdftex.def Info: P2/3.png  used on input line 49.
(pdftex.def)             Requested size: 292.77629pt x 30.39998pt.


[3 <./P2/1.png> <./P2/2.png> <./P2/3.png>]
<P2/4.png, id=79, 831.105pt x 236.38312pt>
File: P2/4.png Graphic file (type png)
<use P2/4.png>
Package pdftex.def Info: P2/4.png  used on input line 55.
(pdftex.def)             Requested size: 292.77629pt x 83.26915pt.
<P2/5.png, id=80, 828.09375pt x 432.11438pt>
File: P2/5.png Graphic file (type png)
<use P2/5.png>
Package pdftex.def Info: P2/5.png  used on input line 59.
(pdftex.def)             Requested size: 292.77629pt x 152.77858pt.
<P2/6.png, id=81, 772.38562pt x 67.0003pt>
File: P2/6.png Graphic file (type png)
<use P2/6.png>
Package pdftex.def Info: P2/6.png  used on input line 63.
(pdftex.def)             Requested size: 292.77629pt x 25.39699pt.
<P2/7.png, id=83, 965.10562pt x 646.66594pt>
File: P2/7.png Graphic file (type png)
<use P2/7.png>
Package pdftex.def Info: P2/7.png  used on input line 67.
(pdftex.def)             Requested size: 292.77629pt x 196.17207pt.
<P2/8.png, id=84, 959.08313pt x 513.41812pt>
File: P2/8.png Graphic file (type png)
<use P2/8.png>
Package pdftex.def Info: P2/8.png  used on input line 68.
(pdftex.def)             Requested size: 292.77629pt x 156.72939pt.


[4 <./P2/4.png> <./P2/5.png> <./P2/6.png> <./P2/7.png>]
<P2/9.png, id=94, 429.10312pt x 243.15843pt>
File: P2/9.png Graphic file (type png)
<use P2/9.png>
Package pdftex.def Info: P2/9.png  used on input line 72.
(pdftex.def)             Requested size: 292.77629pt x 165.9095pt.
<P2/10.png, id=95, 553.31718pt x 123.46124pt>
File: P2/10.png Graphic file (type png)
<use P2/10.png>
Package pdftex.def Info: P2/10.png  used on input line 76.
(pdftex.def)             Requested size: 292.77629pt x 65.32675pt.
<P2/11.png, id=96, 299.61937pt x 45.92157pt>
File: P2/11.png Graphic file (type png)
<use P2/11.png>
Package pdftex.def Info: P2/11.png  used on input line 80.
(pdftex.def)             Requested size: 292.77629pt x 44.87599pt.
<P2/12.png, id=97, 576.65437pt x 59.47218pt>
File: P2/12.png Graphic file (type png)
<use P2/12.png>
Package pdftex.def Info: P2/12.png  used on input line 84.
(pdftex.def)             Requested size: 292.77629pt x 30.19609pt.


[5 <./P2/8.png> <./P2/9.png> <./P2/10.png> <./P2/11.png> <./P2/12.png>]
<P2/13.png, id=107, 384.6872pt x 44.41594pt>
File: P2/13.png Graphic file (type png)
<use P2/13.png>
Package pdftex.def Info: P2/13.png  used on input line 92.
(pdftex.def)             Requested size: 292.77629pt x 33.80592pt.
<P2/14.png, id=108, 408.02437pt x 103.13531pt>
File: P2/14.png Graphic file (type png)
<use P2/14.png>
Package pdftex.def Info: P2/14.png  used on input line 93.
(pdftex.def)             Requested size: 292.77629pt x 74.00713pt.
<P2/16.png, id=109, 700.86844pt x 115.93312pt>
File: P2/16.png Graphic file (type png)
<use P2/16.png>
Package pdftex.def Info: P2/16.png  used on input line 97.
(pdftex.def)             Requested size: 292.77629pt x 48.42976pt.
<P2/17.png, id=110, 456.20438pt x 350.81062pt>
File: P2/17.png Graphic file (type png)
<use P2/17.png>
Package pdftex.def Info: P2/17.png  used on input line 101.
(pdftex.def)             Requested size: 292.77629pt x 225.14432pt.


[6 <./P2/13.png> <./P2/14.png> <./P2/16.png> <./P2/17.png>]
<P2/19.png, id=120, 409.53pt x 173.14688pt>
File: P2/19.png Graphic file (type png)
<use P2/19.png>
Package pdftex.def Info: P2/19.png  used on input line 107.
(pdftex.def)             Requested size: 292.77629pt x 123.79115pt.
<P2/20.png, id=121, 663.22781pt x 213.04594pt>
File: P2/20.png Graphic file (type png)
<use P2/20.png>
Package pdftex.def Info: P2/20.png  used on input line 108.
(pdftex.def)             Requested size: 292.77629pt x 94.04607pt.
<P2/21.png, id=122, 322.95656pt x 53.44969pt>
File: P2/21.png Graphic file (type png)
<use P2/21.png>
Package pdftex.def Info: P2/21.png  used on input line 109.
(pdftex.def)             Requested size: 292.77629pt x 48.4574pt.
<P2/23.png, id=123, 607.51968pt x 353.82187pt>
File: P2/23.png Graphic file (type png)
<use P2/23.png>
Package pdftex.def Info: P2/23.png  used on input line 113.
(pdftex.def)             Requested size: 292.77629pt x 170.51822pt.
<P2/24.png, id=124, 472.76625pt x 59.47218pt>
File: P2/24.png Graphic file (type png)
<use P2/24.png>
Package pdftex.def Info: P2/24.png  used on input line 114.
(pdftex.def)             Requested size: 292.77629pt x 36.83061pt.


[7 <./P2/19.png> <./P2/20.png> <./P2/21.png> <./P2/23.png> <./P2/24.png>]
<P2/22.png, id=134, 837.88031pt x 526.21594pt>
File: P2/22.png Graphic file (type png)
<use P2/22.png>
Package pdftex.def Info: P2/22.png  used on input line 122.
(pdftex.def)             Requested size: 292.77629pt x 183.87321pt.


[8 <./P2/22.png>]
<P3/1.png, id=140, 706.89093pt x 241.65282pt>
File: P3/1.png Graphic file (type png)
<use P3/1.png>
Package pdftex.def Info: P3/1.png  used on input line 134.
(pdftex.def)             Requested size: 292.77629pt x 100.08493pt.
<P3/2.png, id=141, 506.6428pt x 419.31656pt>
File: P3/2.png Graphic file (type png)
<use P3/2.png>
Package pdftex.def Info: P3/2.png  used on input line 138.
(pdftex.def)             Requested size: 209.12683pt x 173.07898pt.
<P3/3.png, id=142, 571.38469pt x 436.63126pt>
File: P3/3.png Graphic file (type png)
<use P3/3.png>
Package pdftex.def Info: P3/3.png  used on input line 142.
(pdftex.def)             Requested size: 292.77629pt x 223.73166pt.


[9 <./P3/1.png> <./P3/2.png> <./P3/3.png>]
<P3/4.png, id=150, 489.32813pt x 272.51813pt>
File: P3/4.png Graphic file (type png)
<use P3/4.png>
Package pdftex.def Info: P3/4.png  used on input line 148.
(pdftex.def)             Requested size: 292.77629pt x 163.05472pt.
<P3/5.png, id=151, 517.935pt x 300.3722pt>
File: P3/5.png Graphic file (type png)
<use P3/5.png>
Package pdftex.def Info: P3/5.png  used on input line 152.
(pdftex.def)             Requested size: 292.77629pt x 169.79767pt.
<P3/6.png, id=152, 779.91376pt x 261.97874pt>
File: P3/6.png Graphic file (type png)
<use P3/6.png>
Package pdftex.def Info: P3/6.png  used on input line 158.
(pdftex.def)             Requested size: 292.77629pt x 98.34572pt.


[10 <./P3/4.png> <./P3/5.png> <./P3/6.png>]
<P3/7.png, id=160, 523.20468pt x 325.96782pt>
File: P3/7.png Graphic file (type png)
<use P3/7.png>
Package pdftex.def Info: P3/7.png  used on input line 164.
(pdftex.def)             Requested size: 292.77629pt x 182.4114pt.
<P3/8.png, id=161, 540.51938pt x 276.28218pt>
File: P3/8.png Graphic file (type png)
<use P3/8.png>
Package pdftex.def Info: P3/8.png  used on input line 168.
(pdftex.def)             Requested size: 292.77629pt x 149.65387pt.
<P3/9.png, id=162, 310.91156pt x 139.27031pt>
File: P3/9.png Graphic file (type png)
<use P3/9.png>
Package pdftex.def Info: P3/9.png  used on input line 173.
(pdftex.def)             Requested size: 292.77629pt x 131.14786pt.
<P3/10.png, id=163, 673.01437pt x 172.39406pt>
File: P3/10.png Graphic file (type png)
<use P3/10.png>
Package pdftex.def Info: P3/10.png  used on input line 174.
(pdftex.def)             Requested size: 292.77629pt x 74.99606pt.


[11 <./P3/7.png> <./P3/8.png> <./P3/9.png> <./P3/10.png>]
<P3/11.png, id=172, 562.35094pt x 466.74374pt>
File: P3/11.png Graphic file (type png)
<use P3/11.png>
Package pdftex.def Info: P3/11.png  used on input line 178.
(pdftex.def)             Requested size: 292.77629pt x 243.00014pt.
<P3/12.png, id=173, 915.42pt x 228.855pt>
File: P3/12.png Graphic file (type png)
<use P3/12.png>
Package pdftex.def Info: P3/12.png  used on input line 182.
(pdftex.def)             Requested size: 292.77629pt x 73.19318pt.
<P3/13.png, id=174, 880.79062pt x 344.03531pt>
File: P3/13.png Graphic file (type png)
<use P3/13.png>
Package pdftex.def Info: P3/13.png  used on input line 186.
(pdftex.def)             Requested size: 292.77629pt x 114.35617pt.


[12 <./P3/11.png> <./P3/12.png> <./P3/13.png>]
<P3/14.png, id=183, 506.6428pt x 179.16937pt>
File: P3/14.png Graphic file (type png)
<use P3/14.png>
Package pdftex.def Info: P3/14.png  used on input line 192.
(pdftex.def)             Requested size: 292.77629pt x 103.53828pt.
<P3/15.png, id=184, 79.04532pt x 97.11281pt>
File: P3/15.png Graphic file (type png)
<use P3/15.png>
Package pdftex.def Info: P3/15.png  used on input line 199.
(pdftex.def)             Requested size: 41.82791pt x 51.38951pt.
<P3/16.png, id=185, 391.4625pt x 289.08pt>
File: P3/16.png Graphic file (type png)
<use P3/16.png>
Package pdftex.def Info: P3/16.png  used on input line 202.
(pdftex.def)             Requested size: 334.60422pt x 247.1042pt.


[13 <./P3/14.png> <./P3/15.png> <./P3/16.png>]
<P3/17.png, id=193, 862.72313pt x 409.53pt>
File: P3/17.png Graphic file (type png)
<use P3/17.png>
Package pdftex.def Info: P3/17.png  used on input line 210.
(pdftex.def)             Requested size: 292.77629pt x 138.97589pt.
<P3/18.png, id=194, 1221.06187pt x 565.36218pt>
File: P3/18.png Graphic file (type png)
<use P3/18.png>
Package pdftex.def Info: P3/18.png  used on input line 214.
(pdftex.def)             Requested size: 292.77629pt x 135.56029pt.
<P3/19.png, id=195, 886.06032pt x 407.27156pt>
File: P3/19.png Graphic file (type png)
<use P3/19.png>
Package pdftex.def Info: P3/19.png  used on input line 218.
(pdftex.def)             Requested size: 292.77629pt x 134.57402pt.
<P3/20.png, id=196, 757.32938pt x 201.00093pt>
File: P3/20.png Graphic file (type png)
<use P3/20.png>
Package pdftex.def Info: P3/20.png  used on input line 222.
(pdftex.def)             Requested size: 292.77629pt x 77.70609pt.


[14 <./P3/17.png> <./P3/18.png> <./P3/19.png> <./P3/20.png>]
<P3/21.png, id=205, 360.59718pt x 241.65282pt>
File: P3/21.png Graphic file (type png)
<use P3/21.png>
Package pdftex.def Info: P3/21.png  used on input line 228.
(pdftex.def)             Requested size: 292.77629pt x 196.2023pt.
<P3/22.png, id=206, 1414.53468pt x 237.13594pt>
File: P3/22.png Graphic file (type png)
<use P3/22.png>
Package pdftex.def Info: P3/22.png  used on input line 229.
(pdftex.def)             Requested size: 292.77629pt x 49.07994pt.
<P3/23.png, id=207, 241.65282pt x 356.83313pt>
File: P3/23.png Graphic file (type png)
<use P3/23.png>
Package pdftex.def Info: P3/23.png  used on input line 233.
(pdftex.def)             Requested size: 83.64944pt x 123.52136pt.
<P3/24.png, id=208, 465.23813pt x 216.81pt>
File: P3/24.png Graphic file (type png)
<use P3/24.png>
Package pdftex.def Info: P3/24.png  used on input line 237.
(pdftex.def)             Requested size: 292.77629pt x 136.44214pt.


[15 <./P3/21.png> <./P3/22.png> <./P3/23.png> <./P3/24.png>]
<P3/25.png, id=217, 498.36188pt x 280.04625pt>
File: P3/25.png Graphic file (type png)
<use P3/25.png>
Package pdftex.def Info: P3/25.png  used on input line 243.
(pdftex.def)             Requested size: 292.77629pt x 164.52504pt.
<P3/26.png, id=218, 1053.1847pt x 193.47281pt>
File: P3/26.png Graphic file (type png)
<use P3/26.png>
Package pdftex.def Info: P3/26.png  used on input line 248.
(pdftex.def)             Requested size: 292.77629pt x 53.78233pt.
<P3/27.png, id=219, 763.35187pt x 493.0922pt>
File: P3/27.png Graphic file (type png)
<use P3/27.png>
Package pdftex.def Info: P3/27.png  used on input line 252.
(pdftex.def)             Requested size: 292.77629pt x 189.115pt.


[16 <./P3/25.png> <./P3/26.png> <./P3/27.png>]
<P4/1.png, id=227, 899.61093pt x 359.84438pt>
File: P4/1.png Graphic file (type png)
<use P4/1.png>
Package pdftex.def Info: P4/1.png  used on input line 264.
(pdftex.def)             Requested size: 292.77629pt x 117.10725pt.
<P4/2.png, id=228, 768.62157pt x 511.15968pt>
File: P4/2.png Graphic file (type png)
<use P4/2.png>
Package pdftex.def Info: P4/2.png  used on input line 268.
(pdftex.def)             Requested size: 292.77629pt x 194.71066pt.


[17 <./P4/1.png> <./P4/2.png>]
<P4/3.png, id=235, 1176.64594pt x 727.96968pt>
File: P4/3.png Graphic file (type png)
<use P4/3.png>
Package pdftex.def Info: P4/3.png  used on input line 274.
(pdftex.def)             Requested size: 292.77629pt x 181.13666pt.
<P4/4.1.png, id=236, 91.84312pt x 94.85437pt>
File: P4/4.1.png Graphic file (type png)
<use P4/4.1.png>
Package pdftex.def Info: P4/4.1.png  used on input line 281.
(pdftex.def)             Requested size: 41.82791pt x 43.19933pt.
<P4/4.2.png, id=237, 384.6872pt x 232.61906pt>
File: P4/4.2.png Graphic file (type png)
<use P4/4.2.png>
Package pdftex.def Info: P4/4.2.png  used on input line 284.
(pdftex.def)             Requested size: 334.60422pt x 202.34854pt.


[18 <./P4/3.png> <./P4/4.1.png> <./P4/4.2.png>]
<P4/5.png, id=246, 373.395pt x 264.99pt>
File: P4/5.png Graphic file (type png)
<use P4/5.png>
Package pdftex.def Info: P4/5.png  used on input line 292.
(pdftex.def)             Requested size: 292.77629pt x 207.78712pt.
<P4/6.png, id=247, 1444.64719pt x 691.08188pt>
File: P4/6.png Graphic file (type png)
<use P4/6.png>
Package pdftex.def Info: P4/6.png  used on input line 296.
(pdftex.def)             Requested size: 292.77629pt x 140.04875pt.


[19 <./P4/5.png> <./P4/6.png>]
<P5/1.png, id=254, 337.26pt x 181.42781pt>
File: P5/1.png Graphic file (type png)
<use P5/1.png>
Package pdftex.def Info: P5/1.png  used on input line 305.
(pdftex.def)             Requested size: 292.77629pt x 157.50041pt.
<P5/3.png, id=255, 74.52844pt x 90.3375pt>
File: P5/3.png Graphic file (type png)
<use P5/3.png>
Package pdftex.def Info: P5/3.png  used on input line 312.
(pdftex.def)             Requested size: 41.82791pt x 50.70029pt.
<P5/4.png, id=256, 335.75438pt x 236.38312pt>
File: P5/4.png Graphic file (type png)
<use P5/4.png>
Package pdftex.def Info: P5/4.png  used on input line 315.
(pdftex.def)             Requested size: 334.60422pt x 235.57458pt.


[20 <./P5/1.png> <./P5/3.png> <./P5/4.png>]
<P5/5.png, id=264, 886.06032pt x 368.87813pt>
File: P5/5.png Graphic file (type png)
<use P5/5.png>
Package pdftex.def Info: P5/5.png  used on input line 323.
(pdftex.def)             Requested size: 292.77629pt x 121.88776pt.
<P5/7.png, id=265, 666.99188pt x 450.9347pt>
File: P5/7.png Graphic file (type png)
<use P5/7.png>
Package pdftex.def Info: P5/7.png  used on input line 327.
(pdftex.def)             Requested size: 292.77629pt x 197.94398pt.
<P5/6.png, id=266, 585.68813pt x 259.7203pt>
File: P5/6.png Graphic file (type png)
<use P5/6.png>
Package pdftex.def Info: P5/6.png  used on input line 328.
(pdftex.def)             Requested size: 292.77629pt x 129.83604pt.


[21 <./P5/5.png> <./P5/7.png> <./P5/6.png>]
<P5/8.png, id=274, 556.32843pt x 203.25937pt>
File: P5/8.png Graphic file (type png)
<use P5/8.png>
Package pdftex.def Info: P5/8.png  used on input line 334.
(pdftex.def)             Requested size: 292.77629pt x 106.97018pt.
<P5/9.png, id=275, 694.09312pt x 347.79938pt>
File: P5/9.png Graphic file (type png)
<use P5/9.png>
Package pdftex.def Info: P5/9.png  used on input line 338.
(pdftex.def)             Requested size: 292.77629pt x 146.71158pt.
<P5/11.png, id=276, 995.21812pt x 328.22626pt>
File: P5/11.png Graphic file (type png)
<use P5/11.png>
Package pdftex.def Info: P5/11.png  used on input line 342.
(pdftex.def)             Requested size: 292.77629pt x 96.56046pt.
<P5/10.png, id=277, 572.89032pt x 215.30438pt>
File: P5/10.png Graphic file (type png)
<use P5/10.png>
Package pdftex.def Info: P5/10.png  used on input line 343.
(pdftex.def)             Requested size: 292.77629pt x 110.03374pt.


[22 <./P5/8.png> <./P5/9.png> <./P5/11.png> <./P5/10.png>]
<P5/12.png, id=286, 1148.03906pt x 465.23813pt>
File: P5/12.png Graphic file (type png)
<use P5/12.png>
Package pdftex.def Info: P5/12.png  used on input line 349.
(pdftex.def)             Requested size: 292.77629pt x 118.64479pt.
<P5/13.png, id=287, 561.59813pt x 554.82281pt>
File: P5/13.png Graphic file (type png)
<use P5/13.png>
Package pdftex.def Info: P5/13.png  used on input line 353.
(pdftex.def)             Requested size: 292.77629pt x 289.2376pt.


[23 <./P5/12.png> <./P5/13.png>]
<P6/1.png, id=294, 510.40688pt x 298.86656pt>
File: P6/1.png Graphic file (type png)
<use P6/1.png>
Package pdftex.def Info: P6/1.png  used on input line 365.
(pdftex.def)             Requested size: 292.77629pt x 171.44106pt.
<P6/2.png, id=295, 1012.5328pt x 621.82312pt>
File: P6/2.png Graphic file (type png)
<use P6/2.png>
Package pdftex.def Info: P6/2.png  used on input line 369.
(pdftex.def)             Requested size: 292.77629pt x 179.80223pt.
<P6/3.png, id=296, 777.65532pt x 522.45187pt>
File: P6/3.png Graphic file (type png)
<use P6/3.png>
Package pdftex.def Info: P6/3.png  used on input line 370.
(pdftex.def)             Requested size: 292.77629pt x 196.70021pt.


[24 <./P6/1.png> <./P6/2.png> <./P6/3.png>]
<P6/4.png, id=305, 874.76813pt x 405.76593pt>
File: P6/4.png Graphic file (type png)
<use P6/4.png>
Package pdftex.def Info: P6/4.png  used on input line 384.
(pdftex.def)             Requested size: 292.77629pt x 135.80396pt.
<P6/5.png, id=306, 622.57594pt x 166.37157pt>
File: P6/5.png Graphic file (type png)
<use P6/5.png>
Package pdftex.def Info: P6/5.png  used on input line 388.
(pdftex.def)             Requested size: 292.77629pt x 78.24033pt.
<P6/6.png, id=307, 578.16pt x 204.01219pt>
File: P6/6.png Graphic file (type png)
<use P6/6.png>
Package pdftex.def Info: P6/6.png  used on input line 392.
(pdftex.def)             Requested size: 292.77629pt x 103.31017pt.
<P6/7.png, id=308, 526.21594pt x 24.09pt>
File: P6/7.png Graphic file (type png)
<use P6/7.png>
Package pdftex.def Info: P6/7.png  used on input line 397.
(pdftex.def)             Requested size: 292.77629pt x 13.40353pt.
<P6/8.png, id=309, 596.98032pt x 94.10156pt>
File: P6/8.png Graphic file (type png)
<use P6/8.png>
Package pdftex.def Info: P6/8.png  used on input line 398.
(pdftex.def)             Requested size: 292.77629pt x 46.15036pt.


[25 <./P6/4.png> <./P6/5.png> <./P6/6.png>]
<P6/9.png, id=317, 938.00438pt x 295.1025pt>
File: P6/9.png Graphic file (type png)
<use P6/9.png>
Package pdftex.def Info: P6/9.png  used on input line 402.
(pdftex.def)             Requested size: 292.77629pt x 92.10672pt.
<P6/10.png, id=318, 708.39656pt x 278.54062pt>
File: P6/10.png Graphic file (type png)
<use P6/10.png>
Package pdftex.def Info: P6/10.png  used on input line 406.
(pdftex.def)             Requested size: 292.77629pt x 115.12042pt.
<P6/11.png, id=319, 566.115pt x 328.97906pt>
File: P6/11.png Graphic file (type png)
<use P6/11.png>
Package pdftex.def Info: P6/11.png  used on input line 410.
(pdftex.def)             Requested size: 292.77629pt x 170.14143pt.


[26 <./P6/7.png> <./P6/8.png> <./P6/9.png> <./P6/10.png> <./P6/11.png>]
<P6/12.png, id=329, 647.41875pt x 554.07pt>
File: P6/12.png Graphic file (type png)
<use P6/12.png>
Package pdftex.def Info: P6/12.png  used on input line 416.
(pdftex.def)             Requested size: 292.77629pt x 250.56354pt.
<P6/13.png, id=330, 1215.03937pt x 578.91281pt>
File: P6/13.png Graphic file (type png)
<use P6/13.png>
Package pdftex.def Info: P6/13.png  used on input line 420.
(pdftex.def)             Requested size: 292.77629pt x 139.48958pt.


[27 <./P6/12.png> <./P6/13.png>]
<P6/14.png, id=337, 657.2053pt x 471.26062pt>
File: P6/14.png Graphic file (type png)
<use P6/14.png>
Package pdftex.def Info: P6/14.png  used on input line 426.
(pdftex.def)             Requested size: 292.77629pt x 209.94402pt.
<P6/15.png, id=338, 666.99188pt x 188.20313pt>
File: P6/15.png Graphic file (type png)
<use P6/15.png>
Package pdftex.def Info: P6/15.png  used on input line 430.
(pdftex.def)             Requested size: 292.77629pt x 82.61433pt.
<P6/16.png, id=339, 1028.34187pt x 132.495pt>
File: P6/16.png Graphic file (type png)
<use P6/16.png>
Package pdftex.def Info: P6/16.png  used on input line 431.
(pdftex.def)             Requested size: 292.77629pt x 37.72304pt.

Overfull \hbox (16.28456pt too wide) in paragraph at lines 433--434
\T1/cmr/m/n/12 con un pro-ce-sa-dor que rea-li-za con-sul-tas a una ba-se de da-tos (\T1/cmr/bx/n/12 QueryDatabaseTable\T1/cmr/m/n/12 ). 
 []

<P6/17.png, id=340, 560.0925pt x 204.01219pt>
File: P6/17.png Graphic file (type png)
<use P6/17.png>
Package pdftex.def Info: P6/17.png  used on input line 435.
(pdftex.def)             Requested size: 292.77629pt x 106.64728pt.


[28 <./P6/14.png> <./P6/15.png> <./P6/16.png> <./P6/17.png>]
<P6/18.png, id=349, 506.6428pt x 243.15843pt>
File: P6/18.png Graphic file (type png)
<use P6/18.png>
Package pdftex.def Info: P6/18.png  used on input line 441.
(pdftex.def)             Requested size: 292.77629pt x 140.51625pt.
<P6/19.png, id=350, 555.57562pt x 219.06844pt>
File: P6/19.png Graphic file (type png)
<use P6/19.png>
Package pdftex.def Info: P6/19.png  used on input line 442.
(pdftex.def)             Requested size: 292.77629pt x 115.44385pt.
<P6/20.png, id=351, 755.82375pt x 283.81032pt>
File: P6/20.png Graphic file (type png)
<use P6/20.png>
Package pdftex.def Info: P6/20.png  used on input line 446.
(pdftex.def)             Requested size: 292.77629pt x 109.93637pt.
<P6/21.png, id=352, 1443.14156pt x 194.97844pt>
File: P6/21.png Graphic file (type png)
<use P6/21.png>
Package pdftex.def Info: P6/21.png  used on input line 447.
(pdftex.def)             Requested size: 292.77629pt x 39.5543pt.
<P6/23.png, id=353, 515.67656pt x 217.5628pt>
File: P6/23.png Graphic file (type png)
<use P6/23.png>
Package pdftex.def Info: P6/23.png  used on input line 451.
(pdftex.def)             Requested size: 292.77629pt x 123.52408pt.


[29 <./P6/18.png> <./P6/19.png> <./P6/20.png> <./P6/21.png>]
<P6/24.png, id=362, 280.04625pt x 193.47281pt>
File: P6/24.png Graphic file (type png)
<use P6/24.png>
Package pdftex.def Info: P6/24.png  used on input line 455.
(pdftex.def)             Requested size: 292.77629pt x 202.27565pt.
<P6/25.png, id=363, 507.39563pt x 243.91125pt>
File: P6/25.png Graphic file (type png)
<use P6/25.png>
Package pdftex.def Info: P6/25.png  used on input line 459.
(pdftex.def)             Requested size: 292.77629pt x 140.74286pt.


[30 <./P6/23.png> <./P6/24.png> <./P6/25.png>]
<P6/26.png, id=372, 619.56468pt x 224.33812pt>
File: P6/26.png Graphic file (type png)
<use P6/26.png>
Package pdftex.def Info: P6/26.png  used on input line 465.
(pdftex.def)             Requested size: 292.77629pt x 106.01059pt.
<P6/28.png, id=373, 471.26062pt x 184.43906pt>
File: P6/28.png Graphic file (type png)
<use P6/28.png>
Package pdftex.def Info: P6/28.png  used on input line 469.
(pdftex.def)             Requested size: 292.77629pt x 114.58461pt.
<P6/29.png, id=374, 406.51875pt x 438.8897pt>
File: P6/29.png Graphic file (type png)
<use P6/29.png>
Package pdftex.def Info: P6/29.png  used on input line 470.
(pdftex.def)             Requested size: 292.77629pt x 316.1008pt.


[31 <./P6/26.png> <./P6/28.png> <./P6/29.png>]
<P6/30.png, id=382, 555.57562pt x 180.675pt>
File: P6/30.png Graphic file (type png)
<use P6/30.png>
Package pdftex.def Info: P6/30.png  used on input line 476.
(pdftex.def)             Requested size: 292.77629pt x 95.21143pt.
<P6/31.png, id=383, 508.90125pt x 237.13594pt>
File: P6/31.png Graphic file (type png)
<use P6/31.png>
Package pdftex.def Info: P6/31.png  used on input line 480.
(pdftex.def)             Requested size: 292.77629pt x 136.4317pt.
<P6/32.png, id=384, 1420.55719pt x 132.495pt>
File: P6/32.png Graphic file (type png)
<use P6/32.png>
Package pdftex.def Info: P6/32.png  used on input line 481.
(pdftex.def)             Requested size: 292.77629pt x 27.3072pt.
<P6/33.png, id=385, 493.845pt x 322.95656pt>
File: P6/33.png Graphic file (type png)
<use P6/33.png>
Package pdftex.def Info: P6/33.png  used on input line 485.
(pdftex.def)             Requested size: 292.77629pt x 191.46423pt.


[32 <./P6/30.png> <./P6/31.png> <./P6/32.png> <./P6/33.png>]
<P6/34.png, id=394, 915.42pt x 357.58594pt>
File: P6/34.png Graphic file (type png)
<use P6/34.png>
Package pdftex.def Info: P6/34.png  used on input line 491.
(pdftex.def)             Requested size: 292.77629pt x 114.36435pt.
<P6/35.png, id=395, 545.78906pt x 259.7203pt>
File: P6/35.png Graphic file (type png)
<use P6/35.png>
Package pdftex.def Info: P6/35.png  used on input line 495.
(pdftex.def)             Requested size: 292.77629pt x 139.31952pt.
<P6/36.png, id=396, 508.14844pt x 258.21469pt>
File: P6/36.png Graphic file (type png)
<use P6/36.png>
Package pdftex.def Info: P6/36.png  used on input line 499.
(pdftex.def)             Requested size: 292.77629pt x 148.7796pt.
<P6/37.png, id=397, 1172.12906pt x 479.54156pt>
File: P6/37.png Graphic file (type png)
<use P6/37.png>
Package pdftex.def Info: P6/37.png  used on input line 503.
(pdftex.def)             Requested size: 292.77629pt x 119.77533pt.
<P6/38.png, id=398, 573.64313pt x 189.70876pt>
File: P6/38.png Graphic file (type png)
<use P6/38.png>
Package pdftex.def Info: P6/38.png  used on input line 507.
(pdftex.def)             Requested size: 292.77629pt x 96.82544pt.


[33 <./P6/34.png> <./P6/35.png> <./P6/36.png> <./P6/37.png>]

[34 <./P6/38.png>]
<P7/1.png, id=412, 1442.38875pt x 336.50719pt>
File: P7/1.png Graphic file (type png)
<use P7/1.png>
Package pdftex.def Info: P7/1.png  used on input line 519.
(pdftex.def)             Requested size: 292.77629pt x 68.3015pt.
<P7/2.png, id=413, 462.97969pt x 234.1247pt>
File: P7/2.png Graphic file (type png)
<use P7/2.png>
Package pdftex.def Info: P7/2.png  used on input line 523.
(pdftex.def)             Requested size: 292.77629pt x 148.05663pt.
<P7/3.png, id=414, 283.0575pt x 51.94406pt>
File: P7/3.png Graphic file (type png)
<use P7/3.png>
Package pdftex.def Info: P7/3.png  used on input line 527.
(pdftex.def)             Requested size: 292.77629pt x 53.73203pt.
<P7/4.png, id=415, 274.02374pt x 105.39375pt>
File: P7/4.png Graphic file (type png)
<use P7/4.png>
Package pdftex.def Info: P7/4.png  used on input line 528.
(pdftex.def)             Requested size: 292.77629pt x 112.61418pt.
<P7/5.png, id=416, 463.7325pt x 36.88782pt>
File: P7/5.png Graphic file (type png)
<use P7/5.png>
Package pdftex.def Info: P7/5.png  used on input line 532.
(pdftex.def)             Requested size: 292.77629pt x 23.28952pt.


[35 <./P7/1.png> <./P7/2.png> <./P7/3.png> <./P7/4.png> <./P7/5.png>]
<P7/6.png, id=426, 599.23875pt x 249.93375pt>
File: P7/6.png Graphic file (type png)
<use P7/6.png>
Package pdftex.def Info: P7/6.png  used on input line 538.
(pdftex.def)             Requested size: 292.77629pt x 122.11394pt.
<P7/7.png, id=427, 1064.47687pt x 66.2475pt>
File: P7/7.png Graphic file (type png)
<use P7/7.png>
Package pdftex.def Info: P7/7.png  used on input line 544.
(pdftex.def)             Requested size: 292.77629pt x 18.22064pt.
<P7/8.png, id=428, 443.40656pt x 48.93282pt>
File: P7/8.png Graphic file (type png)
<use P7/8.png>
Package pdftex.def Info: P7/8.png  used on input line 548.
(pdftex.def)             Requested size: 292.77629pt x 32.31142pt.
<P7/9.png, id=429, 550.30594pt x 56.46094pt>
File: P7/9.png Graphic file (type png)
<use P7/9.png>
Package pdftex.def Info: P7/9.png  used on input line 552.
(pdftex.def)             Requested size: 292.77629pt x 30.03958pt.
<P7/10.png, id=430, 845.40843pt x 148.30406pt>
File: P7/10.png Graphic file (type png)
<use P7/10.png>
Package pdftex.def Info: P7/10.png  used on input line 556.
(pdftex.def)             Requested size: 292.77629pt x 51.35956pt.
<P7/11.png, id=431, 612.78937pt x 140.77594pt>
File: P7/11.png Graphic file (type png)
<use P7/11.png>
Package pdftex.def Info: P7/11.png  used on input line 560.
(pdftex.def)             Requested size: 292.77629pt x 67.25804pt.


[36 <./P7/6.png> <./P7/7.png> <./P7/8.png> <./P7/9.png> <./P7/10.png> <./P7/11.png>]
<P7/12.png, id=444, 743.77875pt x 42.1575pt>
File: P7/12.png Graphic file (type png)
<use P7/12.png>
Package pdftex.def Info: P7/12.png  used on input line 566.
(pdftex.def)             Requested size: 292.77629pt x 16.5951pt.
<P7/13.png, id=445, 754.31813pt x 94.85437pt>
File: P7/13.png Graphic file (type png)
<use P7/13.png>
Package pdftex.def Info: P7/13.png  used on input line 570.
(pdftex.def)             Requested size: 292.77629pt x 36.81502pt.
<P7/14.png, id=446, 907.89188pt x 100.87688pt>
File: P7/14.png Graphic file (type png)
<use P7/14.png>
Package pdftex.def Info: P7/14.png  used on input line 574.
(pdftex.def)             Requested size: 292.77629pt x 32.53061pt.
<P7/15.png, id=447, 426.09187pt x 242.40562pt>
File: P7/15.png Graphic file (type png)
<use P7/15.png>
Package pdftex.def Info: P7/15.png  used on input line 580.
(pdftex.def)             Requested size: 292.77629pt x 166.57207pt.
<P7/16.png, id=448, 534.49687pt x 358.33875pt>
File: P7/16.png Graphic file (type png)
<use P7/16.png>
Package pdftex.def Info: P7/16.png  used on input line 581.
(pdftex.def)             Requested size: 292.77629pt x 196.28862pt.


[37 <./P7/12.png> <./P7/13.png> <./P7/14.png> <./P7/15.png> <./P7/16.png>]
<P7/17.png, id=458, 352.31625pt x 140.77594pt>
File: P7/17.png Graphic file (type png)
<use P7/17.png>
Package pdftex.def Info: P7/17.png  used on input line 585.
(pdftex.def)             Requested size: 292.77629pt x 116.98575pt.
<P7/18.png, id=459, 493.845pt x 255.20343pt>
File: P7/18.png Graphic file (type png)
<use P7/18.png>
Package pdftex.def Info: P7/18.png  used on input line 589.
(pdftex.def)             Requested size: 292.77629pt x 151.2969pt.
<P7/19.png, id=460, 511.9125pt x 335.00156pt>
File: P7/19.png Graphic file (type png)
<use P7/19.png>
Package pdftex.def Info: P7/19.png  used on input line 593.
(pdftex.def)             Requested size: 292.77629pt x 191.59694pt.


[38 <./P7/17.png> <./P7/18.png> <./P7/19.png>]
<P7/20.png, id=468, 941.01563pt x 336.50719pt>
File: P7/20.png Graphic file (type png)
<use P7/20.png>
Package pdftex.def Info: P7/20.png  used on input line 599.
(pdftex.def)             Requested size: 292.77629pt x 104.6961pt.
<P7/21.png, id=469, 1443.89438pt x 194.97844pt>
File: P7/21.png Graphic file (type png)
<use P7/21.png>
Package pdftex.def Info: P7/21.png  used on input line 603.
(pdftex.def)             Requested size: 292.77629pt x 39.5335pt.
<P7/22.png, id=470, 231.86626pt x 113.67468pt>
File: P7/22.png Graphic file (type png)
<use P7/22.png>
Package pdftex.def Info: P7/22.png  used on input line 604.
(pdftex.def)             Requested size: 292.77629pt x 143.54826pt.
<P7/23.png, id=471, 494.59781pt x 322.20375pt>
File: P7/23.png Graphic file (type png)
<use P7/23.png>
Package pdftex.def Info: P7/23.png  used on input line 608.
(pdftex.def)             Requested size: 292.77629pt x 190.72786pt.


[39 <./P7/20.png> <./P7/21.png> <./P7/22.png> <./P7/23.png>]
<P7/24.png, id=480, 472.76625pt x 349.305pt>
File: P7/24.png Graphic file (type png)
<use P7/24.png>
Package pdftex.def Info: P7/24.png  used on input line 614.
(pdftex.def)             Requested size: 292.77629pt x 216.32167pt.
<P7/25.png, id=481, 496.10344pt x 336.50719pt>
File: P7/25.png Graphic file (type png)
<use P7/25.png>
Package pdftex.def Info: P7/25.png  used on input line 618.
(pdftex.def)             Requested size: 292.77629pt x 198.58885pt.
<P7/26.png, id=482, 502.12593pt x 231.11343pt>
File: P7/26.png Graphic file (type png)
<use P7/26.png>
Package pdftex.def Info: P7/26.png  used on input line 622.
(pdftex.def)             Requested size: 292.77629pt x 134.76176pt.


[40 <./P7/24.png> <./P7/25.png> <./P7/26.png>]
<P7/27.png, id=490, 878.53218pt x 557.08125pt>
File: P7/27.png Graphic file (type png)
<use P7/27.png>
Package pdftex.def Info: P7/27.png  used on input line 628.
(pdftex.def)             Requested size: 292.77629pt x 185.65645pt.
<P7/28.png, id=491, 1440.13031pt x 289.08pt>
File: P7/28.png Graphic file (type png)
<use P7/28.png>
Package pdftex.def Info: P7/28.png  used on input line 632.
(pdftex.def)             Requested size: 292.77629pt x 58.76775pt.


[41 <./P7/27.png> <./P7/28.png>] (template.aux
LaTeX Info: Redefining \. on input line 11.
LaTeX Info: Redefining \% on input line 11.
)
 ***********
LaTeX2e <2025-06-01> patch level 1
L3 programming layer <2025-08-13>
 ***********
Package rerunfilecheck Info: File `template.out' has not changed.
(rerunfilecheck)             Checksum: 63A1A7024DEAAEC297B1A224FFDCAC08;1861.
 ) 
Here is how much of TeX's memory you used:
 13404 strings out of 468133
 211356 string characters out of 5430712
 626624 words of memory out of 5000000
 41802 multiletter control sequences out of 15000+600000
 636274 words of font info for 59 fonts, out of 8000000 for 9000
 1141 hyphenation exceptions out of 8191
 90i,11n,93p,420b,521s stack positions out of 10000i,1000n,20000p,200000b,200000s
 <C:\Users\bleik\AppData\Local\MiKTeX\fonts/pk/ljfour/jknappen/ec/dpi600\ecit1200.pk> <C:\Users\bleik\AppData\Local\MiKTeX\fonts/pk/ljfour/jknappen/ec/dpi600\ecti1200.pk> <C:\Users\bleik\AppData\Local\MiKTeX\fonts/pk/ljfour/jknappen/ec/dpi600\ectt1200.pk> <C:\Users\bleik\AppData\Local\MiKTeX\fonts/pk/ljfour/jknappen/ec/dpi600\ecbx1200.pk> <C:\Users\bleik\AppData\Local\MiKTeX\fonts/pk/ljfour/jknappen/ec/dpi600\ecbx1440.pk> <C:\Users\bleik\AppData\Local\MiKTeX\fonts/pk/ljfour/jknappen/ec/dpi600\ecrm1200.pk> <C:\Users\bleik\AppData\Local\MiKTeX\fonts/pk/ljfour/jknappen/ec/dpi600\ecrm1095.pk> <C:\Users\bleik\AppData\Local\MiKTeX\fonts/pk/ljfour/jknappen/ec/dpi600\ecrm1728.pk> <C:\Users\bleik\AppData\Local\MiKTeX\fonts/pk/ljfour/jknappen/ec/dpi600\ecrm2488.pk>
Output written on template.pdf (42 pages, 5561072 bytes).
PDF statistics:
 888 PDF objects out of 1000 (max. 8388607)
 50 named destinations out of 1000 (max. 500000)
 737 words of extra memory for PDF output out of 10000 (max. 10000000)

